10:40:18 **** Build of configuration Debug for project c++_uebungen ****
make all 
Building file: ../1_2/1_2_1.cpp
Invoking: GCC C++ Compiler
g++ -O0 -g3 -Wall -c -fmessage-length=0 -MMD -MP -MF"1_2/1_2_1.d" -MT"1_2/1_2_1.o" -o "1_2/1_2_1.o" "../1_2/1_2_1.cpp"
In file included from ../1_2/1_2_1.cpp:9:0:
../1_2/1_2_1.h:5:9: error: macro names must be identifiers
 #ifndef 1_2_1_H
         ^~~~~~~
../1_2/1_2_1.cpp:11:17: error: ‘exercises’ is not a namespace-name
 using namespace exercises;
                 ^~~~~~~~~
../1_2/1_2_1.cpp:11:26: error: expected namespace-name before ‘;’ token
 using namespace exercises;
                          ^
../1_2/1_2_1.cpp:19:5: warning: second argument of ‘int main(int, char***)’ should be ‘char **’ [-Wmain]
 int main (int argc, char** argv[]) {
     ^~~~
make: *** [1_2/1_2_1.o] Fehler 1
1_2/subdir.mk:18: die Regel für Ziel „1_2/1_2_1.o“ scheiterte
10:42:32 **** Incremental Build of configuration Debug for project c++_uebungen ****
make all 
Building file: ../1_2/helloworld.cpp
Invoking: GCC C++ Compiler
g++ -O0 -g3 -Wall -c -fmessage-length=0 -MMD -MP -MF"1_2/helloworld.d" -MT"1_2/helloworld.o" -o "1_2/helloworld.o" "../1_2/helloworld.cpp"
../1_2/helloworld.cpp:19:5: warning: second argument of ‘int main(int, char***)’ should be ‘char **’ [-Wmain]
 int main (int argc, char** argv[]) {
     ^~~~
Finished building: ../1_2/helloworld.cpp
 
Building target: c++_uebungen
Invoking: GCC C++ Linker
g++  -o "c++_uebungen"  ./1_2/helloworld.o   
Finished building target: c++_uebungen
 
10:43:24 **** Incremental Build of configuration Debug for project c++_uebungen ****
make all 
Building file: ../1_2/helloworld.cpp
Invoking: GCC C++ Compiler
g++ -O0 -g3 -Wall -c -fmessage-length=0 -MMD -MP -MF"1_2/helloworld.d" -MT"1_2/helloworld.o" -o "1_2/helloworld.o" "../1_2/helloworld.cpp"
Finished building: ../1_2/helloworld.cpp
 
Building target: c++_uebungen
Invoking: GCC C++ Linker
g++  -o "c++_uebungen"  ./1_2/helloworld.o   
Finished building target: c++_uebungen
 
10:43:36 **** Incremental Build of configuration Debug for project c++_uebungen ****
make all 
make: Für das Ziel „all“ ist nichts zu tun.
10:58:33 **** Incremental Build of configuration Debug for project c++_uebungen ****
make all 
Building file: ../1_2/aufgabe_2.cpp
Invoking: GCC C++ Compiler
g++ -O0 -g3 -Wall -c -fmessage-length=0 -MMD -MP -MF"1_2/aufgabe_2.d" -MT"1_2/aufgabe_2.o" -o "1_2/aufgabe_2.o" "../1_2/aufgabe_2.cpp"
In file included from ../1_2/aufgabe_2.cpp:10:0:
../1_2/aufgabe_2.h:13:1: error: expected initializer before ‘}’ token
 }
 ^
../1_2/aufgabe_2.cpp: In function ‘int main(int, char**)’:
../1_2/aufgabe_2.cpp:26:17: error: invalid conversion from ‘const char*’ to ‘char*’ [-fpermissive]
  char* buffer = text;
                 ^~~~
make: *** [1_2/aufgabe_2.o] Fehler 1
1_2/subdir.mk:21: die Regel für Ziel „1_2/aufgabe_2.o“ scheiterte
10:59:02 **** Incremental Build of configuration Debug for project c++_uebungen ****
make all 
Building file: ../1_2/aufgabe_2.cpp
Invoking: GCC C++ Compiler
g++ -O0 -g3 -Wall -c -fmessage-length=0 -MMD -MP -MF"1_2/aufgabe_2.d" -MT"1_2/aufgabe_2.o" -o "1_2/aufgabe_2.o" "../1_2/aufgabe_2.cpp"
In file included from ../1_2/aufgabe_2.cpp:10:0:
../1_2/aufgabe_2.h:13:1: error: expected initializer before ‘}’ token
 }
 ^
make: *** [1_2/aufgabe_2.o] Fehler 1
1_2/subdir.mk:21: die Regel für Ziel „1_2/aufgabe_2.o“ scheiterte
10:59:17 **** Incremental Build of configuration Debug for project c++_uebungen ****
make all 
Building file: ../1_2/aufgabe_2.cpp
Invoking: GCC C++ Compiler
g++ -O0 -g3 -Wall -c -fmessage-length=0 -MMD -MP -MF"1_2/aufgabe_2.d" -MT"1_2/aufgabe_2.o" -o "1_2/aufgabe_2.o" "../1_2/aufgabe_2.cpp"
Finished building: ../1_2/aufgabe_2.cpp
 
Building target: c++_uebungen
Invoking: GCC C++ Linker
g++  -o "c++_uebungen"  ./1_2/aufgabe_2.o ./1_2/helloworld.o   
./1_2/helloworld.o: In function `main':
/home/muellerd/eclipse-workspace/c++_uebungen/Debug/../1_2/helloworld.cpp:19: multiple definition of `main'
./1_2/aufgabe_2.o:/home/muellerd/eclipse-workspace/c++_uebungen/Debug/../1_2/aufgabe_2.cpp:22: first defined here
makefile:45: die Regel für Ziel „c++_uebungen“ scheiterte
collect2: error: ld returned 1 exit status
make: *** [c++_uebungen] Fehler 1
11:00:21 **** Incremental Build of configuration Debug for project c++_uebungen ****
make all 
Building file: ../1_2/aufgabe_2.cpp
Invoking: GCC C++ Compiler
g++ -O0 -g3 -Wall -c -fmessage-length=0 -MMD -MP -MF"1_2/aufgabe_2.d" -MT"1_2/aufgabe_2.o" -o "1_2/aufgabe_2.o" "../1_2/aufgabe_2.cpp"
Finished building: ../1_2/aufgabe_2.cpp
 
Building target: c++_uebungen
Invoking: GCC C++ Linker
g++  -o "c++_uebungen"  ./1_2/aufgabe_2.o ./1_2/helloworld.o   
./1_2/helloworld.o: In function `main':
/home/muellerd/eclipse-workspace/c++_uebungen/Debug/../1_2/helloworld.cpp:19: multiple definition of `main'
makefile:45: die Regel für Ziel „c++_uebungen“ scheiterte
./1_2/aufgabe_2.o:/home/muellerd/eclipse-workspace/c++_uebungen/Debug/../1_2/aufgabe_2.cpp:22: first defined here
collect2: error: ld returned 1 exit status
make: *** [c++_uebungen] Fehler 1
11:00:53 **** Incremental Build of configuration Debug for project c++_uebungen ****
make all 
Building file: ../1_2/helloworld.cpp
Invoking: GCC C++ Compiler
g++ -O0 -g3 -Wall -c -fmessage-length=0 -MMD -MP -MF"1_2/helloworld.d" -MT"1_2/helloworld.o" -o "1_2/helloworld.o" "../1_2/helloworld.cpp"
Finished building: ../1_2/helloworld.cpp
 
Building target: c++_uebungen
Invoking: GCC C++ Linker
g++  -o "c++_uebungen"  ./1_2/aufgabe_2.o ./1_2/helloworld.o   
./1_2/helloworld.o: In function `main':
/home/muellerd/eclipse-workspace/c++_uebungen/Debug/../1_2/helloworld.cpp:20: multiple definition of `main'
makefile:45: die Regel für Ziel „c++_uebungen“ scheiterte
./1_2/aufgabe_2.o:/home/muellerd/eclipse-workspace/c++_uebungen/Debug/../1_2/aufgabe_2.cpp:22: first defined here
collect2: error: ld returned 1 exit status
make: *** [c++_uebungen] Fehler 1
11:03:05 **** Incremental Build of configuration Debug for project c++_uebungen ****
make all 
Building file: ../1_2/helloworld.cpp
Invoking: GCC C++ Compiler
g++ -O0 -g3 -Wall -c -fmessage-length=0 -MMD -MP -MF"1_2/helloworld.d" -MT"1_2/helloworld.o" -o "1_2/helloworld.o" "../1_2/helloworld.cpp"
Finished building: ../1_2/helloworld.cpp
 
Building target: c++_uebungen
Invoking: GCC C++ Linker
g++  -o "c++_uebungen"  ./1_2/aufgabe_2.o ./1_2/helloworld.o   
Finished building target: c++_uebungen
 
11:03:10 **** Incremental Build of configuration Debug for project c++_uebungen ****
make all 
make: Für das Ziel „all“ ist nichts zu tun.
11:03:27 **** Incremental Build of configuration Debug for project c++_uebungen ****
make all 
make: Für das Ziel „all“ ist nichts zu tun.
11:06:42 **** Incremental Build of configuration Debug for project c++_uebungen ****
make all 
Building file: ../1_2/aufgabe_2.cpp
Invoking: GCC C++ Compiler
g++ -O0 -g3 -Wall -c -fmessage-length=0 -MMD -MP -MF"1_2/aufgabe_2.d" -MT"1_2/aufgabe_2.o" -o "1_2/aufgabe_2.o" "../1_2/aufgabe_2.cpp"
Finished building: ../1_2/aufgabe_2.cpp
 
Building target: c++_uebungen
Invoking: GCC C++ Linker
g++  -o "c++_uebungen"  ./1_2/aufgabe_2.o ./1_2/helloworld.o   
Finished building target: c++_uebungen
 
11:07:01 **** Incremental Build of configuration Debug for project c++_uebungen ****
make all 
make: Für das Ziel „all“ ist nichts zu tun.
11:07:16 **** Incremental Build of configuration Debug for project c++_uebungen ****
make all 
make: Für das Ziel „all“ ist nichts zu tun.
11:08:13 **** Incremental Build of configuration Debug for project c++_uebungen ****
make all 
Building file: ../1_2/aufgabe_2.cpp
Invoking: GCC C++ Compiler
g++ -O0 -g3 -Wall -c -fmessage-length=0 -MMD -MP -MF"1_2/aufgabe_2.d" -MT"1_2/aufgabe_2.o" -o "1_2/aufgabe_2.o" "../1_2/aufgabe_2.cpp"
../1_2/aufgabe_2.cpp: In function ‘int main(int, char**)’:
../1_2/aufgabe_2.cpp:26:6: warning: unused variable ‘size’ [-Wunused-variable]
  int size = sizeof(text);
      ^~~~
Finished building: ../1_2/aufgabe_2.cpp
 
Building target: c++_uebungen
Invoking: GCC C++ Linker
g++  -o "c++_uebungen"  ./1_2/aufgabe_2.o ./1_2/helloworld.o   
Finished building target: c++_uebungen
 
11:08:17 **** Incremental Build of configuration Debug for project c++_uebungen ****
make all 
make: Für das Ziel „all“ ist nichts zu tun.
11:36:24 **** Incremental Build of configuration Debug for project c++_uebungen ****
make all 
Building file: ../1_2/aufgabe_2.cpp
Invoking: GCC C++ Compiler
g++ -O0 -g3 -Wall -c -fmessage-length=0 -MMD -MP -MF"1_2/aufgabe_2.d" -MT"1_2/aufgabe_2.o" -o "1_2/aufgabe_2.o" "../1_2/aufgabe_2.cpp"
../1_2/aufgabe_2.cpp: In function ‘int main2(int, char**)’:
../1_2/aufgabe_2.cpp:26:6: warning: unused variable ‘size’ [-Wunused-variable]
  int size = sizeof(text);
      ^~~~
Finished building: ../1_2/aufgabe_2.cpp
 
Building file: ../1_2/aufgabe_3.cpp
Invoking: GCC C++ Compiler
g++ -O0 -g3 -Wall -c -fmessage-length=0 -MMD -MP -MF"1_2/aufgabe_3.d" -MT"1_2/aufgabe_3.o" -o "1_2/aufgabe_3.o" "../1_2/aufgabe_3.cpp"
In file included from ../1_2/aufgabe_3.cpp:10:0:
../1_2/aufgabe_3.h:14:3: warning: unknown escape sequence: '\040'
   "encoding=\"UTF-8\ standalone=\"yes\"?>\n";
   ^~~~~~~~~~~~~~~~~~~~~~~~~~~~~~~~~~~~~~~~~~
../1_2/aufgabe_3.h:13:51: error: invalid operands of types ‘const char [21]’ and ‘const char [36]’ to binary ‘operator+’
 const char* XML_HEADER = "<?xml version=\"1.0\" " +
                          ~~~~~~~~~~~~~~~~~~~~~~~~~^
   "encoding=\"UTF-8\ standalone=\"yes\"?>\n";
   ~~~~~~~~~~~~~~~~~~~~~~~~~~~~~~~~~~~~~~~~~~       
../1_2/aufgabe_3.cpp: In function ‘std::__cxx11::string writeSquare(int, int, int, int)’:
../1_2/aufgabe_3.cpp:25:1: warning: no return statement in function returning non-void [-Wreturn-type]
 }
 ^
../1_2/aufgabe_3.cpp: In function ‘std::__cxx11::string writePoint(int, int, int)’:
../1_2/aufgabe_3.cpp:30:45: error: ‘writeIndents’ was not declared in this scope
  result.append(writeIndents(indentationLevel));
                                             ^
../1_2/aufgabe_3.cpp:30:45: note: suggested alternative:
In file included from ../1_2/aufgabe_3.cpp:10:0:
../1_2/aufgabe_3.h:20:13: note:   ‘exercises::writeIndents’
 std::string writeIndents(int);
             ^~~~~~~~~~~~
../1_2/aufgabe_3.cpp: In function ‘std::__cxx11::string writeIndents(int)’:
../1_2/aufgabe_3.cpp:38:10: error: no match for ‘operator<<’ (operand types are ‘std::__cxx11::string {aka std::__cxx11::basic_string<char>}’ and ‘const char [2]’)
   result << "\t";
   ~~~~~~~^~~~~~~
In file included from /usr/include/c++/6/iostream:39:0,
                 from ../1_2/aufgabe_3.cpp:8:
/usr/include/c++/6/ostream:628:5: note: candidate: template<class _CharT, class _Traits, class _Tp> std::basic_ostream<_CharT, _Traits>& std::operator<<(std::basic_ostream<_CharT, _Traits>&&, const _Tp&)
     operator<<(basic_ostream<_CharT, _Traits>&& __os, const _Tp& __x)
     ^~~~~~~~
/usr/include/c++/6/ostream:628:5: note:   template argument deduction/substitution failed:
../1_2/aufgabe_3.cpp:38:13: note:   ‘std::__cxx11::string {aka std::__cxx11::basic_string<char>}’ is not derived from ‘std::basic_ostream<_CharT, _Traits>’
   result << "\t";
             ^~~~
In file included from /usr/include/c++/6/iostream:39:0,
                 from ../1_2/aufgabe_3.cpp:8:
/usr/include/c++/6/ostream:574:5: note: candidate: template<class _Traits> std::basic_ostream<char, _Traits>& std::operator<<(std::basic_ostream<char, _Traits>&, const unsigned char*)
     operator<<(basic_ostream<char, _Traits>& __out, const unsigned char* __s)
     ^~~~~~~~
/usr/include/c++/6/ostream:574:5: note:   template argument deduction/substitution failed:
../1_2/aufgabe_3.cpp:38:13: note:   ‘std::__cxx11::string {aka std::__cxx11::basic_string<char>}’ is not derived from ‘std::basic_ostream<char, _Traits>’
   result << "\t";
             ^~~~
In file included from /usr/include/c++/6/iostream:39:0,
                 from ../1_2/aufgabe_3.cpp:8:
/usr/include/c++/6/ostream:569:5: note: candidate: template<class _Traits> std::basic_ostream<char, _Traits>& std::operator<<(std::basic_ostream<char, _Traits>&, const signed char*)
     operator<<(basic_ostream<char, _Traits>& __out, const signed char* __s)
     ^~~~~~~~
/usr/include/c++/6/ostream:569:5: note:   template argument deduction/substitution failed:
../1_2/aufgabe_3.cpp:38:13: note:   ‘std::__cxx11::string {aka std::__cxx11::basic_string<char>}’ is not derived from ‘std::basic_ostream<char, _Traits>’
   result << "\t";
             ^~~~
In file included from /usr/include/c++/6/iostream:39:0,
                 from ../1_2/aufgabe_3.cpp:8:
/usr/include/c++/6/ostream:556:5: note: candidate: template<class _Traits> std::basic_ostream<char, _Traits>& std::operator<<(std::basic_ostream<char, _Traits>&, const char*)
     operator<<(basic_ostream<char, _Traits>& __out, const char* __s)
     ^~~~~~~~
/usr/include/c++/6/ostream:556:5: note:   template argument deduction/substitution failed:
../1_2/aufgabe_3.cpp:38:13: note:   ‘std::__cxx11::string {aka std::__cxx11::basic_string<char>}’ is not derived from ‘std::basic_ostream<char, _Traits>’
   result << "\t";
             ^~~~
In file included from /usr/include/c++/6/ostream:638:0,
                 from /usr/include/c++/6/iostream:39,
                 from ../1_2/aufgabe_3.cpp:8:
/usr/include/c++/6/bits/ostream.tcc:321:5: note: candidate: template<class _CharT, class _Traits> std::basic_ostream<_CharT, _Traits>& std::operator<<(std::basic_ostream<_CharT, _Traits>&, const char*)
     operator<<(basic_ostream<_CharT, _Traits>& __out, const char* __s)
     ^~~~~~~~
/usr/include/c++/6/bits/ostream.tcc:321:5: note:   template argument deduction/substitution failed:
../1_2/aufgabe_3.cpp:38:13: note:   ‘std::__cxx11::string {aka std::__cxx11::basic_string<char>}’ is not derived from ‘std::basic_ostream<_CharT, _Traits>’
   result << "\t";
             ^~~~
In file included from /usr/include/c++/6/iostream:39:0,
                 from ../1_2/aufgabe_3.cpp:8:
/usr/include/c++/6/ostream:539:5: note: candidate: template<class _CharT, class _Traits> std::basic_ostream<_CharT, _Traits>& std::operator<<(std::basic_ostream<_CharT, _Traits>&, const _CharT*)
     operator<<(basic_ostream<_CharT, _Traits>& __out, const _CharT* __s)
     ^~~~~~~~
/usr/include/c++/6/ostream:539:5: note:   template argument deduction/substitution failed:
../1_2/aufgabe_3.cpp:38:13: note:   ‘std::__cxx11::string {aka std::__cxx11::basic_string<char>}’ is not derived from ‘std::basic_ostream<_CharT, _Traits>’
   result << "\t";
             ^~~~
In file included from /usr/include/c++/6/iostream:39:0,
                 from ../1_2/aufgabe_3.cpp:8:
/usr/include/c++/6/ostream:519:5: note: candidate: template<class _Traits> std::basic_ostream<char, _Traits>& std::operator<<(std::basic_ostream<char, _Traits>&, unsigned char)
     operator<<(basic_ostream<char, _Traits>& __out, unsigned char __c)
     ^~~~~~~~
/usr/include/c++/6/ostream:519:5: note:   template argument deduction/substitution failed:
../1_2/aufgabe_3.cpp:38:13: note:   ‘std::__cxx11::string {aka std::__cxx11::basic_string<char>}’ is not derived from ‘std::basic_ostream<char, _Traits>’
   result << "\t";
             ^~~~
In file included from /usr/include/c++/6/iostream:39:0,
                 from ../1_2/aufgabe_3.cpp:8:
/usr/include/c++/6/ostream:514:5: note: candidate: template<class _Traits> std::basic_ostream<char, _Traits>& std::operator<<(std::basic_ostream<char, _Traits>&, signed char)
     operator<<(basic_ostream<char, _Traits>& __out, signed char __c)
     ^~~~~~~~
/usr/include/c++/6/ostream:514:5: note:   template argument deduction/substitution failed:
../1_2/aufgabe_3.cpp:38:13: note:   ‘std::__cxx11::string {aka std::__cxx11::basic_string<char>}’ is not derived from ‘std::basic_ostream<char, _Traits>’
   result << "\t";
             ^~~~
In file included from /usr/include/c++/6/iostream:39:0,
                 from ../1_2/aufgabe_3.cpp:8:
/usr/include/c++/6/ostream:508:5: note: candidate: template<class _Traits> std::basic_ostream<char, _Traits>& std::operator<<(std::basic_ostream<char, _Traits>&, char)
     operator<<(basic_ostream<char, _Traits>& __out, char __c)
     ^~~~~~~~
/usr/include/c++/6/ostream:508:5: note:   template argument deduction/substitution failed:
../1_2/aufgabe_3.cpp:38:13: note:   ‘std::__cxx11::string {aka std::__cxx11::basic_string<char>}’ is not derived from ‘std::basic_ostream<char, _Traits>’
   result << "\t";
             ^~~~
In file included from /usr/include/c++/6/iostream:39:0,
                 from ../1_2/aufgabe_3.cpp:8:
/usr/include/c++/6/ostream:502:5: note: candidate: template<class _CharT, class _Traits> std::basic_ostream<_CharT, _Traits>& std::operator<<(std::basic_ostream<_CharT, _Traits>&, char)
     operator<<(basic_ostream<_CharT, _Traits>& __out, char __c)
     ^~~~~~~~
/usr/include/c++/6/ostream:502:5: note:   template argument deduction/substitution failed:
../1_2/aufgabe_3.cpp:38:13: note:   ‘std::__cxx11::string {aka std::__cxx11::basic_string<char>}’ is not derived from ‘std::basic_ostream<_CharT, _Traits>’
   result << "\t";
             ^~~~
In file included from /usr/include/c++/6/iostream:39:0,
                 from ../1_2/aufgabe_3.cpp:8:
/usr/include/c++/6/ostream:497:5: note: candidate: template<class _CharT, class _Traits> std::basic_ostream<_CharT, _Traits>& std::operator<<(std::basic_ostream<_CharT, _Traits>&, _CharT)
     operator<<(basic_ostream<_CharT, _Traits>& __out, _CharT __c)
     ^~~~~~~~
/usr/include/c++/6/ostream:497:5: note:   template argument deduction/substitution failed:
../1_2/aufgabe_3.cpp:38:13: note:   ‘std::__cxx11::string {aka std::__cxx11::basic_string<char>}’ is not derived from ‘std::basic_ostream<_CharT, _Traits>’
   result << "\t";
             ^~~~
In file included from /usr/include/c++/6/bits/ios_base.h:46:0,
                 from /usr/include/c++/6/ios:42,
                 from /usr/include/c++/6/ostream:38,
                 from /usr/include/c++/6/iostream:39,
                 from ../1_2/aufgabe_3.cpp:8:
/usr/include/c++/6/system_error:209:5: note: candidate: template<class _CharT, class _Traits> std::basic_ostream<_CharT, _Traits>& std::operator<<(std::basic_ostream<_CharT, _Traits>&, const std::error_code&)
     operator<<(basic_ostream<_CharT, _Traits>& __os, const error_code& __e)
     ^~~~~~~~
/usr/include/c++/6/system_error:209:5: note:   template argument deduction/substitution failed:
../1_2/aufgabe_3.cpp:38:13: note:   ‘std::__cxx11::string {aka std::__cxx11::basic_string<char>}’ is not derived from ‘std::basic_ostream<_CharT, _Traits>’
   result << "\t";
             ^~~~
In file included from /usr/include/c++/6/string:52:0,
                 from /usr/include/c++/6/bits/locale_classes.h:40,
                 from /usr/include/c++/6/bits/ios_base.h:41,
                 from /usr/include/c++/6/ios:42,
                 from /usr/include/c++/6/ostream:38,
                 from /usr/include/c++/6/iostream:39,
                 from ../1_2/aufgabe_3.cpp:8:
/usr/include/c++/6/bits/basic_string.h:5340:5: note: candidate: template<class _CharT, class _Traits, class _Alloc> std::basic_ostream<_CharT, _Traits>& std::operator<<(std::basic_ostream<_CharT, _Traits>&, const std::__cxx11::basic_string<_CharT, _Traits, _Alloc>&)
     operator<<(basic_ostream<_CharT, _Traits>& __os,
     ^~~~~~~~
/usr/include/c++/6/bits/basic_string.h:5340:5: note:   template argument deduction/substitution failed:
../1_2/aufgabe_3.cpp:38:13: note:   ‘std::__cxx11::string {aka std::__cxx11::basic_string<char>}’ is not derived from ‘std::basic_ostream<_CharT, _Traits>’
   result << "\t";
             ^~~~
make: *** [1_2/aufgabe_3.o] Fehler 1
1_2/subdir.mk:24: die Regel für Ziel „1_2/aufgabe_3.o“ scheiterte
11:36:42 **** Incremental Build of configuration Debug for project c++_uebungen ****
make all 
Building file: ../1_2/aufgabe_3.cpp
Invoking: GCC C++ Compiler
g++ -O0 -g3 -Wall -c -fmessage-length=0 -MMD -MP -MF"1_2/aufgabe_3.d" -MT"1_2/aufgabe_3.o" -o "1_2/aufgabe_3.o" "../1_2/aufgabe_3.cpp"
In file included from ../1_2/aufgabe_3.cpp:10:0:
../1_2/aufgabe_3.h:14:3: warning: unknown escape sequence: '\040'
   "encoding=\"UTF-8\ standalone=\"yes\"?>\n";
   ^~~~~~~~~~~~~~~~~~~~~~~~~~~~~~~~~~~~~~~~~~
../1_2/aufgabe_3.h:13:51: error: invalid operands of types ‘const char [21]’ and ‘const char [36]’ to binary ‘operator+’
 const char* XML_HEADER = "<?xml version=\"1.0\" " +
                          ~~~~~~~~~~~~~~~~~~~~~~~~~^
   "encoding=\"UTF-8\ standalone=\"yes\"?>\n";
   ~~~~~~~~~~~~~~~~~~~~~~~~~~~~~~~~~~~~~~~~~~       
../1_2/aufgabe_3.cpp: In function ‘std::__cxx11::string writeSquare(int, int, int, int)’:
../1_2/aufgabe_3.cpp:25:1: warning: no return statement in function returning non-void [-Wreturn-type]
 }
 ^
../1_2/aufgabe_3.cpp: In function ‘std::__cxx11::string writePoint(int, int, int)’:
../1_2/aufgabe_3.cpp:30:45: error: ‘writeIndents’ was not declared in this scope
  result.append(writeIndents(indentationLevel));
                                             ^
../1_2/aufgabe_3.cpp:30:45: note: suggested alternative:
In file included from ../1_2/aufgabe_3.cpp:10:0:
../1_2/aufgabe_3.h:20:13: note:   ‘exercises::writeIndents’
 std::string writeIndents(int);
             ^~~~~~~~~~~~
../1_2/aufgabe_3.cpp: In function ‘std::__cxx11::string writeIndents(int)’:
../1_2/aufgabe_3.cpp:38:10: error: no match for ‘operator<<’ (operand types are ‘std::__cxx11::string {aka std::__cxx11::basic_string<char>}’ and ‘const char [2]’)
   result << "\t";
   ~~~~~~~^~~~~~~
In file included from /usr/include/c++/6/iostream:39:0,
                 from ../1_2/aufgabe_3.cpp:8:
/usr/include/c++/6/ostream:628:5: note: candidate: template<class _CharT, class _Traits, class _Tp> std::basic_ostream<_CharT, _Traits>& std::operator<<(std::basic_ostream<_CharT, _Traits>&&, const _Tp&)
     operator<<(basic_ostream<_CharT, _Traits>&& __os, const _Tp& __x)
     ^~~~~~~~
/usr/include/c++/6/ostream:628:5: note:   template argument deduction/substitution failed:
../1_2/aufgabe_3.cpp:38:13: note:   ‘std::__cxx11::string {aka std::__cxx11::basic_string<char>}’ is not derived from ‘std::basic_ostream<_CharT, _Traits>’
   result << "\t";
             ^~~~
In file included from /usr/include/c++/6/iostream:39:0,
                 from ../1_2/aufgabe_3.cpp:8:
/usr/include/c++/6/ostream:574:5: note: candidate: template<class _Traits> std::basic_ostream<char, _Traits>& std::operator<<(std::basic_ostream<char, _Traits>&, const unsigned char*)
     operator<<(basic_ostream<char, _Traits>& __out, const unsigned char* __s)
     ^~~~~~~~
/usr/include/c++/6/ostream:574:5: note:   template argument deduction/substitution failed:
../1_2/aufgabe_3.cpp:38:13: note:   ‘std::__cxx11::string {aka std::__cxx11::basic_string<char>}’ is not derived from ‘std::basic_ostream<char, _Traits>’
   result << "\t";
             ^~~~
In file included from /usr/include/c++/6/iostream:39:0,
                 from ../1_2/aufgabe_3.cpp:8:
/usr/include/c++/6/ostream:569:5: note: candidate: template<class _Traits> std::basic_ostream<char, _Traits>& std::operator<<(std::basic_ostream<char, _Traits>&, const signed char*)
     operator<<(basic_ostream<char, _Traits>& __out, const signed char* __s)
     ^~~~~~~~
/usr/include/c++/6/ostream:569:5: note:   template argument deduction/substitution failed:
../1_2/aufgabe_3.cpp:38:13: note:   ‘std::__cxx11::string {aka std::__cxx11::basic_string<char>}’ is not derived from ‘std::basic_ostream<char, _Traits>’
   result << "\t";
             ^~~~
In file included from /usr/include/c++/6/iostream:39:0,
                 from ../1_2/aufgabe_3.cpp:8:
/usr/include/c++/6/ostream:556:5: note: candidate: template<class _Traits> std::basic_ostream<char, _Traits>& std::operator<<(std::basic_ostream<char, _Traits>&, const char*)
     operator<<(basic_ostream<char, _Traits>& __out, const char* __s)
     ^~~~~~~~
/usr/include/c++/6/ostream:556:5: note:   template argument deduction/substitution failed:
../1_2/aufgabe_3.cpp:38:13: note:   ‘std::__cxx11::string {aka std::__cxx11::basic_string<char>}’ is not derived from ‘std::basic_ostream<char, _Traits>’
   result << "\t";
             ^~~~
In file included from /usr/include/c++/6/ostream:638:0,
                 from /usr/include/c++/6/iostream:39,
                 from ../1_2/aufgabe_3.cpp:8:
/usr/include/c++/6/bits/ostream.tcc:321:5: note: candidate: template<class _CharT, class _Traits> std::basic_ostream<_CharT, _Traits>& std::operator<<(std::basic_ostream<_CharT, _Traits>&, const char*)
     operator<<(basic_ostream<_CharT, _Traits>& __out, const char* __s)
     ^~~~~~~~
/usr/include/c++/6/bits/ostream.tcc:321:5: note:   template argument deduction/substitution failed:
../1_2/aufgabe_3.cpp:38:13: note:   ‘std::__cxx11::string {aka std::__cxx11::basic_string<char>}’ is not derived from ‘std::basic_ostream<_CharT, _Traits>’
   result << "\t";
             ^~~~
In file included from /usr/include/c++/6/iostream:39:0,
                 from ../1_2/aufgabe_3.cpp:8:
/usr/include/c++/6/ostream:539:5: note: candidate: template<class _CharT, class _Traits> std::basic_ostream<_CharT, _Traits>& std::operator<<(std::basic_ostream<_CharT, _Traits>&, const _CharT*)
     operator<<(basic_ostream<_CharT, _Traits>& __out, const _CharT* __s)
     ^~~~~~~~
/usr/include/c++/6/ostream:539:5: note:   template argument deduction/substitution failed:
../1_2/aufgabe_3.cpp:38:13: note:   ‘std::__cxx11::string {aka std::__cxx11::basic_string<char>}’ is not derived from ‘std::basic_ostream<_CharT, _Traits>’
   result << "\t";
             ^~~~
In file included from /usr/include/c++/6/iostream:39:0,
                 from ../1_2/aufgabe_3.cpp:8:
/usr/include/c++/6/ostream:519:5: note: candidate: template<class _Traits> std::basic_ostream<char, _Traits>& std::operator<<(std::basic_ostream<char, _Traits>&, unsigned char)
     operator<<(basic_ostream<char, _Traits>& __out, unsigned char __c)
     ^~~~~~~~
/usr/include/c++/6/ostream:519:5: note:   template argument deduction/substitution failed:
../1_2/aufgabe_3.cpp:38:13: note:   ‘std::__cxx11::string {aka std::__cxx11::basic_string<char>}’ is not derived from ‘std::basic_ostream<char, _Traits>’
   result << "\t";
             ^~~~
In file included from /usr/include/c++/6/iostream:39:0,
                 from ../1_2/aufgabe_3.cpp:8:
/usr/include/c++/6/ostream:514:5: note: candidate: template<class _Traits> std::basic_ostream<char, _Traits>& std::operator<<(std::basic_ostream<char, _Traits>&, signed char)
     operator<<(basic_ostream<char, _Traits>& __out, signed char __c)
     ^~~~~~~~
/usr/include/c++/6/ostream:514:5: note:   template argument deduction/substitution failed:
../1_2/aufgabe_3.cpp:38:13: note:   ‘std::__cxx11::string {aka std::__cxx11::basic_string<char>}’ is not derived from ‘std::basic_ostream<char, _Traits>’
   result << "\t";
             ^~~~
In file included from /usr/include/c++/6/iostream:39:0,
                 from ../1_2/aufgabe_3.cpp:8:
/usr/include/c++/6/ostream:508:5: note: candidate: template<class _Traits> std::basic_ostream<char, _Traits>& std::operator<<(std::basic_ostream<char, _Traits>&, char)
     operator<<(basic_ostream<char, _Traits>& __out, char __c)
     ^~~~~~~~
/usr/include/c++/6/ostream:508:5: note:   template argument deduction/substitution failed:
../1_2/aufgabe_3.cpp:38:13: note:   ‘std::__cxx11::string {aka std::__cxx11::basic_string<char>}’ is not derived from ‘std::basic_ostream<char, _Traits>’
   result << "\t";
             ^~~~
In file included from /usr/include/c++/6/iostream:39:0,
                 from ../1_2/aufgabe_3.cpp:8:
/usr/include/c++/6/ostream:502:5: note: candidate: template<class _CharT, class _Traits> std::basic_ostream<_CharT, _Traits>& std::operator<<(std::basic_ostream<_CharT, _Traits>&, char)
     operator<<(basic_ostream<_CharT, _Traits>& __out, char __c)
     ^~~~~~~~
/usr/include/c++/6/ostream:502:5: note:   template argument deduction/substitution failed:
../1_2/aufgabe_3.cpp:38:13: note:   ‘std::__cxx11::string {aka std::__cxx11::basic_string<char>}’ is not derived from ‘std::basic_ostream<_CharT, _Traits>’
   result << "\t";
             ^~~~
In file included from /usr/include/c++/6/iostream:39:0,
                 from ../1_2/aufgabe_3.cpp:8:
/usr/include/c++/6/ostream:497:5: note: candidate: template<class _CharT, class _Traits> std::basic_ostream<_CharT, _Traits>& std::operator<<(std::basic_ostream<_CharT, _Traits>&, _CharT)
     operator<<(basic_ostream<_CharT, _Traits>& __out, _CharT __c)
     ^~~~~~~~
/usr/include/c++/6/ostream:497:5: note:   template argument deduction/substitution failed:
../1_2/aufgabe_3.cpp:38:13: note:   ‘std::__cxx11::string {aka std::__cxx11::basic_string<char>}’ is not derived from ‘std::basic_ostream<_CharT, _Traits>’
   result << "\t";
             ^~~~
In file included from /usr/include/c++/6/bits/ios_base.h:46:0,
                 from /usr/include/c++/6/ios:42,
                 from /usr/include/c++/6/ostream:38,
                 from /usr/include/c++/6/iostream:39,
                 from ../1_2/aufgabe_3.cpp:8:
/usr/include/c++/6/system_error:209:5: note: candidate: template<class _CharT, class _Traits> std::basic_ostream<_CharT, _Traits>& std::operator<<(std::basic_ostream<_CharT, _Traits>&, const std::error_code&)
     operator<<(basic_ostream<_CharT, _Traits>& __os, const error_code& __e)
     ^~~~~~~~
/usr/include/c++/6/system_error:209:5: note:   template argument deduction/substitution failed:
../1_2/aufgabe_3.cpp:38:13: note:   ‘std::__cxx11::string {aka std::__cxx11::basic_string<char>}’ is not derived from ‘std::basic_ostream<_CharT, _Traits>’
   result << "\t";
             ^~~~
In file included from /usr/include/c++/6/string:52:0,
                 from /usr/include/c++/6/bits/locale_classes.h:40,
                 from /usr/include/c++/6/bits/ios_base.h:41,
                 from /usr/include/c++/6/ios:42,
                 from /usr/include/c++/6/ostream:38,
                 from /usr/include/c++/6/iostream:39,
                 from ../1_2/aufgabe_3.cpp:8:
/usr/include/c++/6/bits/basic_string.h:5340:5: note: candidate: template<class _CharT, class _Traits, class _Alloc> std::basic_ostream<_CharT, _Traits>& std::operator<<(std::basic_ostream<_CharT, _Traits>&, const std::__cxx11::basic_string<_CharT, _Traits, _Alloc>&)
     operator<<(basic_ostream<_CharT, _Traits>& __os,
     ^~~~~~~~
/usr/include/c++/6/bits/basic_string.h:5340:5: note:   template argument deduction/substitution failed:
../1_2/aufgabe_3.cpp:38:13: note:   ‘std::__cxx11::string {aka std::__cxx11::basic_string<char>}’ is not derived from ‘std::basic_ostream<_CharT, _Traits>’
   result << "\t";
             ^~~~
make: *** [1_2/aufgabe_3.o] Fehler 1
1_2/subdir.mk:24: die Regel für Ziel „1_2/aufgabe_3.o“ scheiterte
11:37:00 **** Incremental Build of configuration Debug for project c++_uebungen ****
make all 
Building file: ../1_2/aufgabe_3.cpp
Invoking: GCC C++ Compiler
g++ -O0 -g3 -Wall -c -fmessage-length=0 -MMD -MP -MF"1_2/aufgabe_3.d" -MT"1_2/aufgabe_3.o" -o "1_2/aufgabe_3.o" "../1_2/aufgabe_3.cpp"
In file included from ../1_2/aufgabe_3.cpp:10:0:
../1_2/aufgabe_3.h:14:3: warning: unknown escape sequence: '\040'
   "encoding=\"UTF-8\ standalone=\"yes\"?>\n";
   ^~~~~~~~~~~~~~~~~~~~~~~~~~~~~~~~~~~~~~~~~~
../1_2/aufgabe_3.h:13:51: error: invalid operands of types ‘const char [21]’ and ‘const char [36]’ to binary ‘operator+’
 const char* XML_HEADER = "<?xml version=\"1.0\" " +
                          ~~~~~~~~~~~~~~~~~~~~~~~~~^
   "encoding=\"UTF-8\ standalone=\"yes\"?>\n";
   ~~~~~~~~~~~~~~~~~~~~~~~~~~~~~~~~~~~~~~~~~~       
../1_2/aufgabe_3.cpp: In function ‘std::__cxx11::string writeSquare(int, int, int, int)’:
../1_2/aufgabe_3.cpp:25:1: warning: no return statement in function returning non-void [-Wreturn-type]
 }
 ^
../1_2/aufgabe_3.cpp: In function ‘std::__cxx11::string writePoint(int, int, int)’:
../1_2/aufgabe_3.cpp:30:45: error: ‘writeIndents’ was not declared in this scope
  result.append(writeIndents(indentationLevel));
                                             ^
../1_2/aufgabe_3.cpp:30:45: note: suggested alternative:
In file included from ../1_2/aufgabe_3.cpp:10:0:
../1_2/aufgabe_3.h:20:13: note:   ‘exercises::writeIndents’
 std::string writeIndents(int);
             ^~~~~~~~~~~~
make: *** [1_2/aufgabe_3.o] Fehler 1
1_2/subdir.mk:24: die Regel für Ziel „1_2/aufgabe_3.o“ scheiterte
11:37:38 **** Incremental Build of configuration Debug for project c++_uebungen ****
make all 
Building file: ../1_2/aufgabe_3.cpp
Invoking: GCC C++ Compiler
g++ -O0 -g3 -Wall -c -fmessage-length=0 -MMD -MP -MF"1_2/aufgabe_3.d" -MT"1_2/aufgabe_3.o" -o "1_2/aufgabe_3.o" "../1_2/aufgabe_3.cpp"
In file included from ../1_2/aufgabe_3.cpp:10:0:
../1_2/aufgabe_3.h:14:3: warning: unknown escape sequence: '\040'
   "encoding=\"UTF-8\ standalone=\"yes\"?>\n";
   ^~~~~~~~~~~~~~~~~~~~~~~~~~~~~~~~~~~~~~~~~~
../1_2/aufgabe_3.h:13:51: error: invalid operands of types ‘const char [21]’ and ‘const char [36]’ to binary ‘operator+’
 const char* XML_HEADER = "<?xml version=\"1.0\" " +
                          ~~~~~~~~~~~~~~~~~~~~~~~~~^
   "encoding=\"UTF-8\ standalone=\"yes\"?>\n";
   ~~~~~~~~~~~~~~~~~~~~~~~~~~~~~~~~~~~~~~~~~~       
../1_2/aufgabe_3.cpp: In function ‘std::__cxx11::string writeSquare(int, int, int, int)’:
../1_2/aufgabe_3.cpp:25:1: warning: no return statement in function returning non-void [-Wreturn-type]
 }
 ^
../1_2/aufgabe_3.cpp: In function ‘std::__cxx11::string writePoint(int, int, int)’:
../1_2/aufgabe_3.cpp:30:41: error: ‘writeIndents’ was not declared in this scope
  result += writeIndents(indentationLevel);
                                         ^
../1_2/aufgabe_3.cpp:30:41: note: suggested alternative:
In file included from ../1_2/aufgabe_3.cpp:10:0:
../1_2/aufgabe_3.h:20:13: note:   ‘exercises::writeIndents’
 std::string writeIndents(int);
             ^~~~~~~~~~~~
make: *** [1_2/aufgabe_3.o] Fehler 1
1_2/subdir.mk:24: die Regel für Ziel „1_2/aufgabe_3.o“ scheiterte
11:38:38 **** Incremental Build of configuration Debug for project c++_uebungen ****
make all 
Building file: ../1_2/aufgabe_3.cpp
Invoking: GCC C++ Compiler
g++ -O0 -g3 -Wall -c -fmessage-length=0 -MMD -MP -MF"1_2/aufgabe_3.d" -MT"1_2/aufgabe_3.o" -o "1_2/aufgabe_3.o" "../1_2/aufgabe_3.cpp"
In file included from ../1_2/aufgabe_3.cpp:10:0:
../1_2/aufgabe_3.h:14:3: warning: unknown escape sequence: '\040'
   "encoding=\"UTF-8\ standalone=\"yes\"?>\n";
   ^~~~~~~~~~~~~~~~~~~~~~~~~~~~~~~~~~~~~~~~~~
../1_2/aufgabe_3.h:13:51: error: invalid operands of types ‘const char [21]’ and ‘const char [36]’ to binary ‘operator+’
 const char* XML_HEADER = "<?xml version=\"1.0\" " +
                          ~~~~~~~~~~~~~~~~~~~~~~~~~^
   "encoding=\"UTF-8\ standalone=\"yes\"?>\n";
   ~~~~~~~~~~~~~~~~~~~~~~~~~~~~~~~~~~~~~~~~~~       
../1_2/aufgabe_3.cpp: In function ‘std::__cxx11::string writeSquare(int, int, int, int)’:
../1_2/aufgabe_3.cpp:25:1: warning: no return statement in function returning non-void [-Wreturn-type]
 }
 ^
../1_2/aufgabe_3.cpp: In function ‘std::__cxx11::string writePoint(int, int, int)’:
../1_2/aufgabe_3.cpp:31:29: error: ‘writeIndents’ was not declared in this scope
  std::cout << writeIndents(1);
                             ^
../1_2/aufgabe_3.cpp:31:29: note: suggested alternative:
In file included from ../1_2/aufgabe_3.cpp:10:0:
../1_2/aufgabe_3.h:20:13: note:   ‘exercises::writeIndents’
 std::string writeIndents(int);
             ^~~~~~~~~~~~
make: *** [1_2/aufgabe_3.o] Fehler 1
1_2/subdir.mk:24: die Regel für Ziel „1_2/aufgabe_3.o“ scheiterte
11:38:59 **** Incremental Build of configuration Debug for project c++_uebungen ****
make all 
Building file: ../1_2/aufgabe_3.cpp
Invoking: GCC C++ Compiler
g++ -O0 -g3 -Wall -c -fmessage-length=0 -MMD -MP -MF"1_2/aufgabe_3.d" -MT"1_2/aufgabe_3.o" -o "1_2/aufgabe_3.o" "../1_2/aufgabe_3.cpp"
In file included from ../1_2/aufgabe_3.cpp:10:0:
../1_2/aufgabe_3.h:14:3: warning: unknown escape sequence: '\040'
   "encoding=\"UTF-8\ standalone=\"yes\"?>\n";
   ^~~~~~~~~~~~~~~~~~~~~~~~~~~~~~~~~~~~~~~~~~
../1_2/aufgabe_3.h:13:51: error: invalid operands of types ‘const char [21]’ and ‘const char [36]’ to binary ‘operator+’
 const char* XML_HEADER = "<?xml version=\"1.0\" " +
                          ~~~~~~~~~~~~~~~~~~~~~~~~~^
   "encoding=\"UTF-8\ standalone=\"yes\"?>\n";
   ~~~~~~~~~~~~~~~~~~~~~~~~~~~~~~~~~~~~~~~~~~       
../1_2/aufgabe_3.cpp: In function ‘std::__cxx11::string writePoint(int, int, int)’:
../1_2/aufgabe_3.cpp:31:29: error: ‘writeIndents’ was not declared in this scope
  std::cout << writeIndents(1);
                             ^
../1_2/aufgabe_3.cpp:31:29: note: suggested alternative:
In file included from ../1_2/aufgabe_3.cpp:10:0:
../1_2/aufgabe_3.h:20:13: note:   ‘exercises::writeIndents’
 std::string writeIndents(int);
             ^~~~~~~~~~~~
make: *** [1_2/aufgabe_3.o] Fehler 1
1_2/subdir.mk:24: die Regel für Ziel „1_2/aufgabe_3.o“ scheiterte
11:40:13 **** Incremental Build of configuration Debug for project c++_uebungen ****
make all 
Building file: ../1_2/aufgabe_3.cpp
Invoking: GCC C++ Compiler
g++ -O0 -g3 -Wall -c -fmessage-length=0 -MMD -MP -MF"1_2/aufgabe_3.d" -MT"1_2/aufgabe_3.o" -o "1_2/aufgabe_3.o" "../1_2/aufgabe_3.cpp"
In file included from ../1_2/aufgabe_3.cpp:10:0:
../1_2/aufgabe_3.h:14:3: warning: unknown escape sequence: '\040'
   "encoding=\"UTF-8\ standalone=\"yes\"?>\n";
   ^~~~~~~~~~~~~~~~~~~~~~~~~~~~~~~~~~~~~~~~~~
../1_2/aufgabe_3.h:13:51: error: invalid operands of types ‘const char [21]’ and ‘const char [36]’ to binary ‘operator+’
 const char* XML_HEADER = "<?xml version=\"1.0\" " +
                          ~~~~~~~~~~~~~~~~~~~~~~~~~^
   "encoding=\"UTF-8\ standalone=\"yes\"?>\n";
   ~~~~~~~~~~~~~~~~~~~~~~~~~~~~~~~~~~~~~~~~~~       
make: *** [1_2/aufgabe_3.o] Fehler 1
1_2/subdir.mk:24: die Regel für Ziel „1_2/aufgabe_3.o“ scheiterte
11:41:15 **** Incremental Build of configuration Debug for project c++_uebungen ****
make all 
Building file: ../1_2/aufgabe_3.cpp
Invoking: GCC C++ Compiler
g++ -O0 -g3 -Wall -c -fmessage-length=0 -MMD -MP -MF"1_2/aufgabe_3.d" -MT"1_2/aufgabe_3.o" -o "1_2/aufgabe_3.o" "../1_2/aufgabe_3.cpp"
In file included from ../1_2/aufgabe_3.cpp:10:0:
../1_2/aufgabe_3.h:14:3: warning: unknown escape sequence: '\040'
   "encoding=\"UTF-8\ standalone=\"yes\"?>\n";
   ^~~~~~~~~~~~~~~~~~~~~~~~~~~~~~~~~~~~~~~~~~
../1_2/aufgabe_3.h:13:51: error: invalid operands of types ‘const char [21]’ and ‘const char [36]’ to binary ‘operator+’
 std::string XML_HEADER = "<?xml version=\"1.0\" " +
                          ~~~~~~~~~~~~~~~~~~~~~~~~~^
   "encoding=\"UTF-8\ standalone=\"yes\"?>\n";
   ~~~~~~~~~~~~~~~~~~~~~~~~~~~~~~~~~~~~~~~~~~       
make: *** [1_2/aufgabe_3.o] Fehler 1
1_2/subdir.mk:24: die Regel für Ziel „1_2/aufgabe_3.o“ scheiterte
11:42:03 **** Incremental Build of configuration Debug for project c++_uebungen ****
make all 
Building file: ../1_2/aufgabe_3.cpp
Invoking: GCC C++ Compiler
g++ -O0 -g3 -Wall -c -fmessage-length=0 -MMD -MP -MF"1_2/aufgabe_3.d" -MT"1_2/aufgabe_3.o" -o "1_2/aufgabe_3.o" "../1_2/aufgabe_3.cpp"
In file included from ../1_2/aufgabe_3.cpp:10:0:
../1_2/aufgabe_3.h:14:3: warning: unknown escape sequence: '\040'
   "encoding=\"UTF-8\ standalone=\"yes\"?>\n";
   ^~~~~~~~~~~~~~~~~~~~~~~~~~~~~~~~~~~~~~~~~~
Finished building: ../1_2/aufgabe_3.cpp
 
Building target: c++_uebungen
Invoking: GCC C++ Linker
g++  -o "c++_uebungen"  ./1_2/aufgabe_2.o ./1_2/aufgabe_3.o ./1_2/helloworld.o   
Finished building target: c++_uebungen
 
11:42:22 **** Incremental Build of configuration Debug for project c++_uebungen ****
make all 
Building file: ../1_2/aufgabe_3.cpp
Invoking: GCC C++ Compiler
g++ -O0 -g3 -Wall -c -fmessage-length=0 -MMD -MP -MF"1_2/aufgabe_3.d" -MT"1_2/aufgabe_3.o" -o "1_2/aufgabe_3.o" "../1_2/aufgabe_3.cpp"
In file included from ../1_2/aufgabe_3.cpp:10:0:
../1_2/aufgabe_3.h:14:3: warning: unknown escape sequence: '\040'
   "encoding=\"UTF-8\ standalone=\"yes\"?>\n";
   ^~~~~~~~~~~~~~~~~~~~~~~~~~~~~~~~~~~~~~~~~~
../1_2/aufgabe_3.cpp: In function ‘std::__cxx11::string writePoint(int, int, int)’:
../1_2/aufgabe_3.cpp:31:29: error: ‘writeIndents’ was not declared in this scope
  std::cout << writeIndents(1);
                             ^
../1_2/aufgabe_3.cpp:31:29: note: suggested alternative:
In file included from ../1_2/aufgabe_3.cpp:10:0:
../1_2/aufgabe_3.h:20:13: note:   ‘exercises::writeIndents’
 std::string writeIndents(int);
             ^~~~~~~~~~~~
make: *** [1_2/aufgabe_3.o] Fehler 1
1_2/subdir.mk:24: die Regel für Ziel „1_2/aufgabe_3.o“ scheiterte
11:43:33 **** Incremental Build of configuration Debug for project c++_uebungen ****
make all 
Building file: ../1_2/aufgabe_3.cpp
Invoking: GCC C++ Compiler
g++ -O0 -g3 -Wall -c -fmessage-length=0 -MMD -MP -MF"1_2/aufgabe_3.d" -MT"1_2/aufgabe_3.o" -o "1_2/aufgabe_3.o" "../1_2/aufgabe_3.cpp"
In file included from ../1_2/aufgabe_3.cpp:10:0:
../1_2/aufgabe_3.h:14:3: warning: unknown escape sequence: '\040'
   "encoding=\"UTF-8\ standalone=\"yes\"?>\n";
   ^~~~~~~~~~~~~~~~~~~~~~~~~~~~~~~~~~~~~~~~~~
Finished building: ../1_2/aufgabe_3.cpp
 
Building target: c++_uebungen
Invoking: GCC C++ Linker
g++  -o "c++_uebungen"  ./1_2/aufgabe_2.o ./1_2/aufgabe_3.o ./1_2/helloworld.o   
Finished building target: c++_uebungen
 
11:43:49 **** Incremental Build of configuration Debug for project c++_uebungen ****
make all 
Building file: ../1_2/aufgabe_3.cpp
Invoking: GCC C++ Compiler
g++ -O0 -g3 -Wall -c -fmessage-length=0 -MMD -MP -MF"1_2/aufgabe_3.d" -MT"1_2/aufgabe_3.o" -o "1_2/aufgabe_3.o" "../1_2/aufgabe_3.cpp"
In file included from ../1_2/aufgabe_3.cpp:10:0:
../1_2/aufgabe_3.h:14:3: warning: unknown escape sequence: '\040'
   "encoding=\"UTF-8\ standalone=\"yes\"?>\n";
   ^~~~~~~~~~~~~~~~~~~~~~~~~~~~~~~~~~~~~~~~~~
Finished building: ../1_2/aufgabe_3.cpp
 
Building target: c++_uebungen
Invoking: GCC C++ Linker
g++  -o "c++_uebungen"  ./1_2/aufgabe_2.o ./1_2/aufgabe_3.o ./1_2/helloworld.o   
Finished building target: c++_uebungen
 
